INFO apscheduler.scheduler: Adding job tentatively -- it will be properly scheduled when the scheduler starts
INFO price_check.bot: Bot started. Check interval = 6 h
INFO httpx: HTTP Request: POST https://api.telegram.org/bot8937134980:AAGS4pHHiejR3ssKGcG7Alzu1dg68OYbq7Y/getMe "HTTP/1.1 200 OK"
INFO httpx: HTTP Request: POST https://api.telegram.org/bot8937134980:AAGS4pHHiejR3ssKGcG7Alzu1dg68OYbq7Y/deleteWebhook "HTTP/1.1 200 OK"
INFO apscheduler.scheduler: Added job "price_check" to job store "default"
INFO apscheduler.scheduler: Scheduler started
INFO telegram.ext.Application: Application started
INFO httpx: HTTP Request: POST https://api.telegram.org/bot8937134980:AAGS4pHHiejR3ssKGcG7Alzu1dg68OYbq7Y/getUpdates "HTTP/1.1 200 OK"
INFO httpx: HTTP Request: POST https://api.telegram.org/bot8937134980:AAGS4pHHiejR3ssKGcG7Alzu1dg68OYbq7Y/getUpdates "HTTP/1.1 200 OK"
INFO apscheduler.executors.default: Running job "price_check (trigger: interval[6:00:00], next run at: 2026-07-12 20:42:26 UTC)" (scheduled at 2026-07-12 14:42:26.513990+00:00)
INFO price_check.bot: scheduled check start
INFO price_check.bot: scheduled check done
INFO apscheduler.executors.default: Job "price_check (trigger: interval[6:00:00], next run at: 2026-07-12 20:42:26 UTC)" executed successfully
INFO httpx: HTTP Request: POST https://api.telegram.org/bot8937134980:AAGS4pHHiejR3ssKGcG7Alzu1dg68OYbq7Y/getUpdates "HTTP/1.1 200 OK"
INFO httpx: HTTP Request: POST https://api.telegram.org/bot8937134980:AAGS4pHHiejR3ssKGcG7Alzu1dg68OYbq7Y/getUpdates "HTTP/1.1 200 OK"
INFO httpx: HTTP Request: POST https://api.telegram.org/bot8937134980:AAGS4pHHiejR3ssKGcG7Alzu1dg68OYbq7Y/getUpdates "HTTP/1.1 200 OK"
INFO httpx: HTTP Request: POST https://api.telegram.org/bot8937134980:AAGS4pHHiejR3ssKGcG7Alzu1dg68OYbq7Y/getUpdates "HTTP/1.1 200 OK"
INFO httpx: HTTP Request: POST https://api.telegram.org/bot8937134980:AAGS4pHHiejR3ssKGcG7Alzu1dg68OYbq7Y/getUpdates "HTTP/1.1 200 OK"
INFO httpx: HTTP Request: POST https://api.telegram.org/bot8937134980:AAGS4pHHiejR3ssKGcG7Alzu1dg68OYbq7Y/getUpdates "HTTP/1.1 200 OK"
INFO httpx: HTTP Request: POST https://api.telegram.org/bot8937134980:AAGS4pHHiejR3ssKGcG7Alzu1dg68OYbq7Y/getUpdates "HTTP/1.1 200 OK"
INFO httpx: HTTP Request: POST https://api.telegram.org/bot8937134980:AAGS4pHHiejR3ssKGcG7Alzu1dg68OYbq7Y/getUpdates "HTTP/1.1 200 OK"
INFO httpx: HTTP Request: POST https://api.telegram.org/bot8937134980:AAGS4pHHiejR3ssKGcG7Alzu1dg68OYbq7Y/getUpdates "HTTP/1.1 200 OK"
INFO httpx: HTTP Request: POST https://api.telegram.org/bot8937134980:AAGS4pHHiejR3ssKGcG7Alzu1dg68OYbq7Y/getUpdates "HTTP/1.1 200 OK"
INFO httpx: HTTP Request: POST https://api.telegram.org/bot8937134980:AAGS4pHHiejR3ssKGcG7Alzu1dg68OYbq7Y/sendMessage "HTTP/1.1 200 OK"
INFO httpx: HTTP Request: POST https://api.telegram.org/bot8937134980:AAGS4pHHiejR3ssKGcG7Alzu1dg68OYbq7Y/getUpdates "HTTP/1.1 200 OK"
INFO httpx: HTTP Request: POST https://api.telegram.org/bot8937134980:AAGS4pHHiejR3ssKGcG7Alzu1dg68OYbq7Y/sendMessage "HTTP/1.1 200 OK"
WARNING monitor: fetch failed https://rozetka.com.ua/drumshanbo-gunpowder-irish-gin-506043: 404 Client Error: Not Found for url: https://rozetka.com.ua/ua/drumshanbo-gunpowder-irish-gin-506043/
INFO httpx: HTTP Request: POST https://api.telegram.org/bot8937134980:AAGS4pHHiejR3ssKGcG7Alzu1dg68OYbq7Y/sendMessage "HTTP/1.1 200 OK"
INFO httpx: HTTP Request: POST https://api.telegram.org/bot8937134980:AAGS4pHHiejR3ssKGcG7Alzu1dg68OYbq7Y/getUpdates "HTTP/1.1 200 OK"
INFO httpx: HTTP Request: POST https://api.telegram.org/bot8937134980:AAGS4pHHiejR3ssKGcG7Alzu1dg68OYbq7Y/getUpdates "HTTP/1.1 200 OK"
INFO httpx: HTTP Request: POST https://api.telegram.org/bot8937134980:AAGS4pHHiejR3ssKGcG7Alzu1dg68OYbq7Y/getUpdates "HTTP/1.1 200 OK"
INFO httpx: HTTP Request: POST https://api.telegram.org/bot8937134980:AAGS4pHHiejR3ssKGcG7Alzu1dg68OYbq7Y/getUpdates "HTTP/1.1 200 OK"
INFO httpx: HTTP Request: POST https://api.telegram.org/bot8937134980:AAGS4pHHiejR3ssKGcG7Alzu1dg68OYbq7Y/getUpdates "HTTP/1.1 200 OK"
INFO httpx: HTTP Request: POST https://api.telegram.org/bot8937134980:AAGS4pHHiejR3ssKGcG7Alzu1dg68OYbq7Y/getUpdates "HTTP/1.1 200 OK"
INFO httpx: HTTP Request: POST https://api.telegram.org/bot8937134980:AAGS4pHHiejR3ssKGcG7Alzu1dg68OYbq7Y/getUpdates "HTTP/1.1 200 OK"
INFO httpx: HTTP Request: POST https://api.telegram.org/bot8937134980:AAGS4pHHiejR3ssKGcG7Alzu1dg68OYbq7Y/getUpdates "HTTP/1.1 200 OK"
INFO httpx: HTTP Request: POST https://api.telegram.org/bot8937134980:AAGS4pHHiejR3ssKGcG7Alzu1dg68OYbq7Y/getUpdates "HTTP/1.1 200 OK"
INFO httpx: HTTP Request: POST https://api.telegram.org/bot8937134980:AAGS4pHHiejR3ssKGcG7Alzu1dg68OYbq7Y/getUpdates "HTTP/1.1 200 OK"
INFO httpx: HTTP Request: POST https://api.telegram.org/bot8937134980:AAGS4pHHiejR3ssKGcG7Alzu1dg68OYbq7Y/sendMessage "HTTP/1.1 200 OK"
INFO httpx: HTTP Request: POST https://api.telegram.org/bot8937134980:AAGS4pHHiejR3ssKGcG7Alzu1dg68OYbq7Y/sendMessage "HTTP/1.1 200 OK"
INFO httpx: HTTP Request: POST https://api.telegram.org/bot8937134980:AAGS4pHHiejR3ssKGcG7Alzu1dg68OYbq7Y/sendMessage "HTTP/1.1 200 OK"
INFO httpx: HTTP Request: POST https://api.telegram.org/bot8937134980:AAGS4pHHiejR3ssKGcG7Alzu1dg68OYbq7Y/getUpdates "HTTP/1.1 200 OK"
INFO httpx: HTTP Request: POST https://api.telegram.org/bot8937134980:AAGS4pHHiejR3ssKGcG7Alzu1dg68OYbq7Y/getUpdates "HTTP/1.1 200 OK"
INFO httpx: HTTP Request: POST https://api.telegram.org/bot8937134980:AAGS4pHHiejR3ssKGcG7Alzu1dg68OYbq7Y/getUpdates "HTTP/1.1 200 OK"
INFO httpx: HTTP Request: POST https://api.telegram.org/bot8937134980:AAGS4pHHiejR3ssKGcG7Alzu1dg68OYbq7Y/sendMessage "HTTP/1.1 200 OK"
INFO httpx: HTTP Request: POST https://api.telegram.org/bot8937134980:AAGS4pHHiejR3ssKGcG7Alzu1dg68OYbq7Y/getUpdates "HTTP/1.1 200 OK"
INFO httpx: HTTP Request: POST https://api.telegram.org/bot8937134980:AAGS4pHHiejR3ssKGcG7Alzu1dg68OYbq7Y/getUpdates "HTTP/1.1 200 OK"
INFO httpx: HTTP Request: POST https://api.telegram.org/bot8937134980:AAGS4pHHiejR3ssKGcG7Alzu1dg68OYbq7Y/getUpdates "HTTP/1.1 200 OK"
INFO httpx: HTTP Request: POST https://api.telegram.org/bot8937134980:AAGS4pHHiejR3ssKGcG7Alzu1dg68OYbq7Y/getUpdates "HTTP/1.1 200 OK"
INFO telegram.ext.Application: Application is stopping. This might take a moment.
INFO apscheduler.scheduler: Scheduler has been shut down
INFO telegram.ext.Application: Application.stop() complete
